iso 12.1-BETA3 amd64 bootonly xxx unspec xxx FreeBSD-12.1-BETA3-amd64-bootonly.iso https://download.freebsd.org/ftp/releases/ISO-IMAGES/12.1/FreeBSD-12.1-BETA3-amd64-bootonly.iso 20191004210555.GM4030@FreeBSD.org
iso 12.1-BETA3 amd64 bootonly xxx unspec xxx FreeBSD-12.1-BETA3-amd64-bootonly.iso.xz https://download.freebsd.org/ftp/releases/ISO-IMAGES/12.1/FreeBSD-12.1-BETA3-amd64-bootonly.iso.xz 20191004210555.GM4030@FreeBSD.org
iso 12.1-BETA3 amd64 disc1 xxx unspec xxx FreeBSD-12.1-BETA3-amd64-disc1.iso https://download.freebsd.org/ftp/releases/ISO-IMAGES/12.1/FreeBSD-12.1-BETA3-amd64-disc1.iso 20191004210555.GM4030@FreeBSD.org
iso 12.1-BETA3 amd64 disc1 xxx unspec xxx FreeBSD-12.1-BETA3-amd64-disc1.iso.xz https://download.freebsd.org/ftp/releases/ISO-IMAGES/12.1/FreeBSD-12.1-BETA3-amd64-disc1.iso.xz 20191004210555.GM4030@FreeBSD.org
iso 12.1-BETA3 amd64 dvd1 xxx unspec xxx FreeBSD-12.1-BETA3-amd64-dvd1.iso https://download.freebsd.org/ftp/releases/ISO-IMAGES/12.1/FreeBSD-12.1-BETA3-amd64-dvd1.iso 20191004210555.GM4030@FreeBSD.org
iso 12.1-BETA3 amd64 dvd1 xxx unspec xxx FreeBSD-12.1-BETA3-amd64-dvd1.iso.xz https://download.freebsd.org/ftp/releases/ISO-IMAGES/12.1/FreeBSD-12.1-BETA3-amd64-dvd1.iso.xz 20191004210555.GM4030@FreeBSD.org
iso 12.1-BETA3 amd64 memstick xxx unspec xxx FreeBSD-12.1-BETA3-amd64-memstick.img https://download.freebsd.org/ftp/releases/ISO-IMAGES/12.1/FreeBSD-12.1-BETA3-amd64-memstick.img 20191004210555.GM4030@FreeBSD.org
iso 12.1-BETA3 amd64 memstick xxx unspec xxx FreeBSD-12.1-BETA3-amd64-memstick.img.xz https://download.freebsd.org/ftp/releases/ISO-IMAGES/12.1/FreeBSD-12.1-BETA3-amd64-memstick.img.xz 20191004210555.GM4030@FreeBSD.org
iso 12.1-BETA3 amd64 mini-memstick xxx unspec xxx FreeBSD-12.1-BETA3-amd64-mini-memstick.img https://download.freebsd.org/ftp/releases/ISO-IMAGES/12.1/FreeBSD-12.1-BETA3-amd64-mini-memstick.img 20191004210555.GM4030@FreeBSD.org
iso 12.1-BETA3 amd64 mini-memstick xxx unspec xxx FreeBSD-12.1-BETA3-amd64-mini-memstick.img.xz https://download.freebsd.org/ftp/releases/ISO-IMAGES/12.1/FreeBSD-12.1-BETA3-amd64-mini-memstick.img.xz 20191004210555.GM4030@FreeBSD.org
iso 12.1-BETA3 i386 bootonly xxx unspec xxx FreeBSD-12.1-BETA3-i386-bootonly.iso https://download.freebsd.org/ftp/releases/ISO-IMAGES/12.1/FreeBSD-12.1-BETA3-i386-bootonly.iso 20191004210555.GM4030@FreeBSD.org
iso 12.1-BETA3 i386 bootonly xxx unspec xxx FreeBSD-12.1-BETA3-i386-bootonly.iso.xz https://download.freebsd.org/ftp/releases/ISO-IMAGES/12.1/FreeBSD-12.1-BETA3-i386-bootonly.iso.xz 20191004210555.GM4030@FreeBSD.org
iso 12.1-BETA3 i386 disc1 xxx unspec xxx FreeBSD-12.1-BETA3-i386-disc1.iso https://download.freebsd.org/ftp/releases/ISO-IMAGES/12.1/FreeBSD-12.1-BETA3-i386-disc1.iso 20191004210555.GM4030@FreeBSD.org
iso 12.1-BETA3 i386 disc1 xxx unspec xxx FreeBSD-12.1-BETA3-i386-disc1.iso.xz https://download.freebsd.org/ftp/releases/ISO-IMAGES/12.1/FreeBSD-12.1-BETA3-i386-disc1.iso.xz 20191004210555.GM4030@FreeBSD.org
iso 12.1-BETA3 i386 dvd1 xxx unspec xxx FreeBSD-12.1-BETA3-i386-dvd1.iso https://download.freebsd.org/ftp/releases/ISO-IMAGES/12.1/FreeBSD-12.1-BETA3-i386-dvd1.iso 20191004210555.GM4030@FreeBSD.org
iso 12.1-BETA3 i386 dvd1 xxx unspec xxx FreeBSD-12.1-BETA3-i386-dvd1.iso.xz https://download.freebsd.org/ftp/releases/ISO-IMAGES/12.1/FreeBSD-12.1-BETA3-i386-dvd1.iso.xz 20191004210555.GM4030@FreeBSD.org
iso 12.1-BETA3 i386 memstick xxx unspec xxx FreeBSD-12.1-BETA3-i386-memstick.img https://download.freebsd.org/ftp/releases/ISO-IMAGES/12.1/FreeBSD-12.1-BETA3-i386-memstick.img 20191004210555.GM4030@FreeBSD.org
iso 12.1-BETA3 i386 memstick xxx unspec xxx FreeBSD-12.1-BETA3-i386-memstick.img.xz https://download.freebsd.org/ftp/releases/ISO-IMAGES/12.1/FreeBSD-12.1-BETA3-i386-memstick.img.xz 20191004210555.GM4030@FreeBSD.org
iso 12.1-BETA3 i386 mini-memstick xxx unspec xxx FreeBSD-12.1-BETA3-i386-mini-memstick.img https://download.freebsd.org/ftp/releases/ISO-IMAGES/12.1/FreeBSD-12.1-BETA3-i386-mini-memstick.img 20191004210555.GM4030@FreeBSD.org
iso 12.1-BETA3 i386 mini-memstick xxx unspec xxx FreeBSD-12.1-BETA3-i386-mini-memstick.img.xz https://download.freebsd.org/ftp/releases/ISO-IMAGES/12.1/FreeBSD-12.1-BETA3-i386-mini-memstick.img.xz 20191004210555.GM4030@FreeBSD.org
iso 12.1-BETA3 powerpc bootonly xxx unspec xxx FreeBSD-12.1-BETA3-powerpc-bootonly.iso https://download.freebsd.org/ftp/releases/ISO-IMAGES/12.1/FreeBSD-12.1-BETA3-powerpc-bootonly.iso 20191004210555.GM4030@FreeBSD.org
iso 12.1-BETA3 powerpc bootonly xxx unspec xxx FreeBSD-12.1-BETA3-powerpc-bootonly.iso.xz https://download.freebsd.org/ftp/releases/ISO-IMAGES/12.1/FreeBSD-12.1-BETA3-powerpc-bootonly.iso.xz 20191004210555.GM4030@FreeBSD.org
iso 12.1-BETA3 powerpc disc1 xxx unspec xxx FreeBSD-12.1-BETA3-powerpc-disc1.iso https://download.freebsd.org/ftp/releases/ISO-IMAGES/12.1/FreeBSD-12.1-BETA3-powerpc-disc1.iso 20191004210555.GM4030@FreeBSD.org
iso 12.1-BETA3 powerpc disc1 xxx unspec xxx FreeBSD-12.1-BETA3-powerpc-disc1.iso.xz https://download.freebsd.org/ftp/releases/ISO-IMAGES/12.1/FreeBSD-12.1-BETA3-powerpc-disc1.iso.xz 20191004210555.GM4030@FreeBSD.org
iso 12.1-BETA3 powerpc dvd1 xxx unspec xxx FreeBSD-12.1-BETA3-powerpc-dvd1.iso https://download.freebsd.org/ftp/releases/ISO-IMAGES/12.1/FreeBSD-12.1-BETA3-powerpc-dvd1.iso 20191004210555.GM4030@FreeBSD.org
iso 12.1-BETA3 powerpc dvd1 xxx unspec xxx FreeBSD-12.1-BETA3-powerpc-dvd1.iso.xz https://download.freebsd.org/ftp/releases/ISO-IMAGES/12.1/FreeBSD-12.1-BETA3-powerpc-dvd1.iso.xz 20191004210555.GM4030@FreeBSD.org
iso 12.1-BETA3 powerpc memstick xxx unspec xxx FreeBSD-12.1-BETA3-powerpc-memstick.img https://download.freebsd.org/ftp/releases/ISO-IMAGES/12.1/FreeBSD-12.1-BETA3-powerpc-memstick.img 20191004210555.GM4030@FreeBSD.org
iso 12.1-BETA3 powerpc memstick xxx unspec xxx FreeBSD-12.1-BETA3-powerpc-memstick.img.xz https://download.freebsd.org/ftp/releases/ISO-IMAGES/12.1/FreeBSD-12.1-BETA3-powerpc-memstick.img.xz 20191004210555.GM4030@FreeBSD.org
iso 12.1-BETA3 powerpc mini-memstick xxx unspec xxx FreeBSD-12.1-BETA3-powerpc-mini-memstick.img https://download.freebsd.org/ftp/releases/ISO-IMAGES/12.1/FreeBSD-12.1-BETA3-powerpc-mini-memstick.img 20191004210555.GM4030@FreeBSD.org
iso 12.1-BETA3 powerpc mini-memstick xxx unspec xxx FreeBSD-12.1-BETA3-powerpc-mini-memstick.img.xz https://download.freebsd.org/ftp/releases/ISO-IMAGES/12.1/FreeBSD-12.1-BETA3-powerpc-mini-memstick.img.xz 20191004210555.GM4030@FreeBSD.org
iso 12.1-BETA3 powerpc-powerpc64 bootonly xxx unspec xxx FreeBSD-12.1-BETA3-powerpc-powerpc64-bootonly.iso https://download.freebsd.org/ftp/releases/ISO-IMAGES/12.1/FreeBSD-12.1-BETA3-powerpc-powerpc64-bootonly.iso 20191004210555.GM4030@FreeBSD.org
iso 12.1-BETA3 powerpc-powerpc64 bootonly xxx unspec xxx FreeBSD-12.1-BETA3-powerpc-powerpc64-bootonly.iso.xz https://download.freebsd.org/ftp/releases/ISO-IMAGES/12.1/FreeBSD-12.1-BETA3-powerpc-powerpc64-bootonly.iso.xz 20191004210555.GM4030@FreeBSD.org
iso 12.1-BETA3 powerpc-powerpc64 disc1 xxx unspec xxx FreeBSD-12.1-BETA3-powerpc-powerpc64-disc1.iso https://download.freebsd.org/ftp/releases/ISO-IMAGES/12.1/FreeBSD-12.1-BETA3-powerpc-powerpc64-disc1.iso 20191004210555.GM4030@FreeBSD.org
iso 12.1-BETA3 powerpc-powerpc64 disc1 xxx unspec xxx FreeBSD-12.1-BETA3-powerpc-powerpc64-disc1.iso.xz https://download.freebsd.org/ftp/releases/ISO-IMAGES/12.1/FreeBSD-12.1-BETA3-powerpc-powerpc64-disc1.iso.xz 20191004210555.GM4030@FreeBSD.org
iso 12.1-BETA3 powerpc-powerpc64 dvd1 xxx unspec xxx FreeBSD-12.1-BETA3-powerpc-powerpc64-dvd1.iso https://download.freebsd.org/ftp/releases/ISO-IMAGES/12.1/FreeBSD-12.1-BETA3-powerpc-powerpc64-dvd1.iso 20191004210555.GM4030@FreeBSD.org
iso 12.1-BETA3 powerpc-powerpc64 dvd1 xxx unspec xxx FreeBSD-12.1-BETA3-powerpc-powerpc64-dvd1.iso.xz https://download.freebsd.org/ftp/releases/ISO-IMAGES/12.1/FreeBSD-12.1-BETA3-powerpc-powerpc64-dvd1.iso.xz 20191004210555.GM4030@FreeBSD.org
iso 12.1-BETA3 powerpc-powerpc64 memstick xxx unspec xxx FreeBSD-12.1-BETA3-powerpc-powerpc64-memstick.img https://download.freebsd.org/ftp/releases/ISO-IMAGES/12.1/FreeBSD-12.1-BETA3-powerpc-powerpc64-memstick.img 20191004210555.GM4030@FreeBSD.org
iso 12.1-BETA3 powerpc-powerpc64 memstick xxx unspec xxx FreeBSD-12.1-BETA3-powerpc-powerpc64-memstick.img.xz https://download.freebsd.org/ftp/releases/ISO-IMAGES/12.1/FreeBSD-12.1-BETA3-powerpc-powerpc64-memstick.img.xz 20191004210555.GM4030@FreeBSD.org
iso 12.1-BETA3 powerpc-powerpc64 mini-memstick xxx unspec xxx FreeBSD-12.1-BETA3-powerpc-powerpc64-mini-memstick.img https://download.freebsd.org/ftp/releases/ISO-IMAGES/12.1/FreeBSD-12.1-BETA3-powerpc-powerpc64-mini-memstick.img 20191004210555.GM4030@FreeBSD.org
iso 12.1-BETA3 powerpc-powerpc64 mini-memstick xxx unspec xxx FreeBSD-12.1-BETA3-powerpc-powerpc64-mini-memstick.img.xz https://download.freebsd.org/ftp/releases/ISO-IMAGES/12.1/FreeBSD-12.1-BETA3-powerpc-powerpc64-mini-memstick.img.xz 20191004210555.GM4030@FreeBSD.org
iso 12.1-BETA3 powerpc-powerpcspe bootonly xxx unspec xxx FreeBSD-12.1-BETA3-powerpc-powerpcspe-bootonly.iso https://download.freebsd.org/ftp/releases/ISO-IMAGES/12.1/FreeBSD-12.1-BETA3-powerpc-powerpcspe-bootonly.iso 20191004210555.GM4030@FreeBSD.org
iso 12.1-BETA3 powerpc-powerpcspe bootonly xxx unspec xxx FreeBSD-12.1-BETA3-powerpc-powerpcspe-bootonly.iso.xz https://download.freebsd.org/ftp/releases/ISO-IMAGES/12.1/FreeBSD-12.1-BETA3-powerpc-powerpcspe-bootonly.iso.xz 20191004210555.GM4030@FreeBSD.org
iso 12.1-BETA3 powerpc-powerpcspe disc1 xxx unspec xxx FreeBSD-12.1-BETA3-powerpc-powerpcspe-disc1.iso https://download.freebsd.org/ftp/releases/ISO-IMAGES/12.1/FreeBSD-12.1-BETA3-powerpc-powerpcspe-disc1.iso 20191004210555.GM4030@FreeBSD.org
iso 12.1-BETA3 powerpc-powerpcspe disc1 xxx unspec xxx FreeBSD-12.1-BETA3-powerpc-powerpcspe-disc1.iso.xz https://download.freebsd.org/ftp/releases/ISO-IMAGES/12.1/FreeBSD-12.1-BETA3-powerpc-powerpcspe-disc1.iso.xz 20191004210555.GM4030@FreeBSD.org
iso 12.1-BETA3 powerpc-powerpcspe dvd1 xxx unspec xxx FreeBSD-12.1-BETA3-powerpc-powerpcspe-dvd1.iso https://download.freebsd.org/ftp/releases/ISO-IMAGES/12.1/FreeBSD-12.1-BETA3-powerpc-powerpcspe-dvd1.iso 20191004210555.GM4030@FreeBSD.org
iso 12.1-BETA3 powerpc-powerpcspe dvd1 xxx unspec xxx FreeBSD-12.1-BETA3-powerpc-powerpcspe-dvd1.iso.xz https://download.freebsd.org/ftp/releases/ISO-IMAGES/12.1/FreeBSD-12.1-BETA3-powerpc-powerpcspe-dvd1.iso.xz 20191004210555.GM4030@FreeBSD.org
iso 12.1-BETA3 powerpc-powerpcspe memstick xxx unspec xxx FreeBSD-12.1-BETA3-powerpc-powerpcspe-memstick.img https://download.freebsd.org/ftp/releases/ISO-IMAGES/12.1/FreeBSD-12.1-BETA3-powerpc-powerpcspe-memstick.img 20191004210555.GM4030@FreeBSD.org
iso 12.1-BETA3 powerpc-powerpcspe memstick xxx unspec xxx FreeBSD-12.1-BETA3-powerpc-powerpcspe-memstick.img.xz https://download.freebsd.org/ftp/releases/ISO-IMAGES/12.1/FreeBSD-12.1-BETA3-powerpc-powerpcspe-memstick.img.xz 20191004210555.GM4030@FreeBSD.org
iso 12.1-BETA3 powerpc-powerpcspe mini-memstick xxx unspec xxx FreeBSD-12.1-BETA3-powerpc-powerpcspe-mini-memstick.img https://download.freebsd.org/ftp/releases/ISO-IMAGES/12.1/FreeBSD-12.1-BETA3-powerpc-powerpcspe-mini-memstick.img 20191004210555.GM4030@FreeBSD.org
iso 12.1-BETA3 powerpc-powerpcspe mini-memstick xxx unspec xxx FreeBSD-12.1-BETA3-powerpc-powerpcspe-mini-memstick.img.xz https://download.freebsd.org/ftp/releases/ISO-IMAGES/12.1/FreeBSD-12.1-BETA3-powerpc-powerpcspe-mini-memstick.img.xz 20191004210555.GM4030@FreeBSD.org
iso 12.1-BETA3 sparc64 bootonly xxx unspec xxx FreeBSD-12.1-BETA3-sparc64-bootonly.iso https://download.freebsd.org/ftp/releases/ISO-IMAGES/12.1/FreeBSD-12.1-BETA3-sparc64-bootonly.iso 20191004210555.GM4030@FreeBSD.org
iso 12.1-BETA3 sparc64 bootonly xxx unspec xxx FreeBSD-12.1-BETA3-sparc64-bootonly.iso.xz https://download.freebsd.org/ftp/releases/ISO-IMAGES/12.1/FreeBSD-12.1-BETA3-sparc64-bootonly.iso.xz 20191004210555.GM4030@FreeBSD.org
iso 12.1-BETA3 sparc64 disc1 xxx unspec xxx FreeBSD-12.1-BETA3-sparc64-disc1.iso https://download.freebsd.org/ftp/releases/ISO-IMAGES/12.1/FreeBSD-12.1-BETA3-sparc64-disc1.iso 20191004210555.GM4030@FreeBSD.org
iso 12.1-BETA3 sparc64 disc1 xxx unspec xxx FreeBSD-12.1-BETA3-sparc64-disc1.iso.xz https://download.freebsd.org/ftp/releases/ISO-IMAGES/12.1/FreeBSD-12.1-BETA3-sparc64-disc1.iso.xz 20191004210555.GM4030@FreeBSD.org
iso 12.1-BETA3 sparc64 dvd1 xxx unspec xxx FreeBSD-12.1-BETA3-sparc64-dvd1.iso https://download.freebsd.org/ftp/releases/ISO-IMAGES/12.1/FreeBSD-12.1-BETA3-sparc64-dvd1.iso 20191004210555.GM4030@FreeBSD.org
iso 12.1-BETA3 sparc64 dvd1 xxx unspec xxx FreeBSD-12.1-BETA3-sparc64-dvd1.iso.xz https://download.freebsd.org/ftp/releases/ISO-IMAGES/12.1/FreeBSD-12.1-BETA3-sparc64-dvd1.iso.xz 20191004210555.GM4030@FreeBSD.org
iso 12.1-BETA3 arm-armv6 RPI-B xxx unspec xxx FreeBSD-12.1-BETA3-arm-armv6-RPI-B.img.xz https://download.freebsd.org/ftp/releases/ISO-IMAGES/12.1/FreeBSD-12.1-BETA3-arm-armv6-RPI-B.img.xz 20191004210555.GM4030@FreeBSD.org
iso 12.1-BETA3 arm-armv7 BANANAPI xxx unspec xxx FreeBSD-12.1-BETA3-arm-armv7-BANANAPI.img.xz https://download.freebsd.org/ftp/releases/ISO-IMAGES/12.1/FreeBSD-12.1-BETA3-arm-armv7-BANANAPI.img.xz 20191004210555.GM4030@FreeBSD.org
iso 12.1-BETA3 arm-armv7 BEAGLEBONE xxx unspec xxx FreeBSD-12.1-BETA3-arm-armv7-BEAGLEBONE.img.xz https://download.freebsd.org/ftp/releases/ISO-IMAGES/12.1/FreeBSD-12.1-BETA3-arm-armv7-BEAGLEBONE.img.xz 20191004210555.GM4030@FreeBSD.org
iso 12.1-BETA3 arm-armv7 CUBIEBOARD xxx unspec xxx FreeBSD-12.1-BETA3-arm-armv7-CUBIEBOARD.img.xz https://download.freebsd.org/ftp/releases/ISO-IMAGES/12.1/FreeBSD-12.1-BETA3-arm-armv7-CUBIEBOARD.img.xz 20191004210555.GM4030@FreeBSD.org
iso 12.1-BETA3 arm-armv7 CUBIEBOARD2 xxx unspec xxx FreeBSD-12.1-BETA3-arm-armv7-CUBIEBOARD2.img.xz https://download.freebsd.org/ftp/releases/ISO-IMAGES/12.1/FreeBSD-12.1-BETA3-arm-armv7-CUBIEBOARD2.img.xz 20191004210555.GM4030@FreeBSD.org
iso 12.1-BETA3 arm-armv7 CUBOX-HUMMINGBOARD xxx unspec xxx FreeBSD-12.1-BETA3-arm-armv7-CUBOX-HUMMINGBOARD.img.xz https://download.freebsd.org/ftp/releases/ISO-IMAGES/12.1/FreeBSD-12.1-BETA3-arm-armv7-CUBOX-HUMMINGBOARD.img.xz 20191004210555.GM4030@FreeBSD.org
iso 12.1-BETA3 arm-armv7 RPI2 xxx unspec xxx FreeBSD-12.1-BETA3-arm-armv7-RPI2.img.xz https://download.freebsd.org/ftp/releases/ISO-IMAGES/12.1/FreeBSD-12.1-BETA3-arm-armv7-RPI2.img.xz 20191004210555.GM4030@FreeBSD.org
iso 12.1-BETA3 arm-armv7 PANDABOARD xxx unspec xxx FreeBSD-12.1-BETA3-arm-armv7-PANDABOARD.img.xz https://download.freebsd.org/ftp/releases/ISO-IMAGES/12.1/FreeBSD-12.1-BETA3-arm-armv7-PANDABOARD.img.xz 20191004210555.GM4030@FreeBSD.org
iso 12.1-BETA3 arm-armv7 WANDBOARD xxx unspec xxx FreeBSD-12.1-BETA3-arm-armv7-WANDBOARD.img.xz https://download.freebsd.org/ftp/releases/ISO-IMAGES/12.1/FreeBSD-12.1-BETA3-arm-armv7-WANDBOARD.img.xz 20191004210555.GM4030@FreeBSD.org
iso 12.1-BETA3 arm-armv7 GENERICSD xxx unspec xxx FreeBSD-12.1-BETA3-arm-armv7-GENERICSD.img.xz https://download.freebsd.org/ftp/releases/ISO-IMAGES/12.1/FreeBSD-12.1-BETA3-arm-armv7-GENERICSD.img.xz 20191004210555.GM4030@FreeBSD.org
iso 12.1-BETA3 arm64-aarch64 memstick xxx unspec xxx FreeBSD-12.1-BETA3-arm64-aarch64-memstick.img https://download.freebsd.org/ftp/releases/ISO-IMAGES/12.1/FreeBSD-12.1-BETA3-arm64-aarch64-memstick.img 20191004210555.GM4030@FreeBSD.org
iso 12.1-BETA3 arm64-aarch64 memstick xxx unspec xxx FreeBSD-12.1-BETA3-arm64-aarch64-memstick.img.xz https://download.freebsd.org/ftp/releases/ISO-IMAGES/12.1/FreeBSD-12.1-BETA3-arm64-aarch64-memstick.img.xz 20191004210555.GM4030@FreeBSD.org
iso 12.1-BETA3 arm64-aarch64 mini-memstick xxx unspec xxx FreeBSD-12.1-BETA3-arm64-aarch64-mini-memstick.img https://download.freebsd.org/ftp/releases/ISO-IMAGES/12.1/FreeBSD-12.1-BETA3-arm64-aarch64-mini-memstick.img 20191004210555.GM4030@FreeBSD.org
iso 12.1-BETA3 arm64-aarch64 mini-memstick xxx unspec xxx FreeBSD-12.1-BETA3-arm64-aarch64-mini-memstick.img.xz https://download.freebsd.org/ftp/releases/ISO-IMAGES/12.1/FreeBSD-12.1-BETA3-arm64-aarch64-mini-memstick.img.xz 20191004210555.GM4030@FreeBSD.org
iso 12.1-BETA3 arm64-aarch64 RPI3 xxx unspec xxx FreeBSD-12.1-BETA3-arm64-aarch64-RPI3.img.xz https://download.freebsd.org/ftp/releases/ISO-IMAGES/12.1/FreeBSD-12.1-BETA3-arm64-aarch64-RPI3.img.xz 20191004210555.GM4030@FreeBSD.org
iso 12.1-BETA3 arm64-aarch64 PINE64 xxx unspec xxx FreeBSD-12.1-BETA3-arm64-aarch64-PINE64.img.xz https://download.freebsd.org/ftp/releases/ISO-IMAGES/12.1/FreeBSD-12.1-BETA3-arm64-aarch64-PINE64.img.xz 20191004210555.GM4030@FreeBSD.org
iso 12.1-BETA3 arm64-aarch64 PINE64-LTS xxx unspec xxx FreeBSD-12.1-BETA3-arm64-aarch64-PINE64-LTS.img.xz https://download.freebsd.org/ftp/releases/ISO-IMAGES/12.1/FreeBSD-12.1-BETA3-arm64-aarch64-PINE64-LTS.img.xz 20191004210555.GM4030@FreeBSD.org
vm 12.1-BETA3 amd64 xxx xxx unspec qcow2 FreeBSD-12.1-BETA3-amd64.qcow2.xz https://download.freebsd.org/ftp/releases/VM-IMAGES/12.1-BETA3/amd64/Latest/FreeBSD-12.1-BETA3-amd64.qcow2.xz 20191004210555.GM4030@FreeBSD.org
vm 12.1-BETA3 amd64 xxx xxx unspec raw FreeBSD-12.1-BETA3-amd64.raw.xz https://download.freebsd.org/ftp/releases/VM-IMAGES/12.1-BETA3/amd64/Latest/FreeBSD-12.1-BETA3-amd64.raw.xz 20191004210555.GM4030@FreeBSD.org
vm 12.1-BETA3 amd64 xxx xxx unspec vhd FreeBSD-12.1-BETA3-amd64.vhd.xz https://download.freebsd.org/ftp/releases/VM-IMAGES/12.1-BETA3/amd64/Latest/FreeBSD-12.1-BETA3-amd64.vhd.xz 20191004210555.GM4030@FreeBSD.org
vm 12.1-BETA3 amd64 xxx xxx unspec vmdk FreeBSD-12.1-BETA3-amd64.vmdk.xz https://download.freebsd.org/ftp/releases/VM-IMAGES/12.1-BETA3/amd64/Latest/FreeBSD-12.1-BETA3-amd64.vmdk.xz 20191004210555.GM4030@FreeBSD.org
vm 12.1-BETA3 i386 xxx xxx unspec qcow2 FreeBSD-12.1-BETA3-i386.qcow2.xz https://download.freebsd.org/ftp/releases/VM-IMAGES/12.1-BETA3/i386/Latest/FreeBSD-12.1-BETA3-i386.qcow2.xz 20191004210555.GM4030@FreeBSD.org
vm 12.1-BETA3 i386 xxx xxx unspec raw FreeBSD-12.1-BETA3-i386.raw.xz https://download.freebsd.org/ftp/releases/VM-IMAGES/12.1-BETA3/i386/Latest/FreeBSD-12.1-BETA3-i386.raw.xz 20191004210555.GM4030@FreeBSD.org
vm 12.1-BETA3 i386 xxx xxx unspec vhd FreeBSD-12.1-BETA3-i386.vhd.xz https://download.freebsd.org/ftp/releases/VM-IMAGES/12.1-BETA3/i386/Latest/FreeBSD-12.1-BETA3-i386.vhd.xz 20191004210555.GM4030@FreeBSD.org
vm 12.1-BETA3 i386 xxx xxx unspec vmdk FreeBSD-12.1-BETA3-i386.vmdk.xz https://download.freebsd.org/ftp/releases/VM-IMAGES/12.1-BETA3/i386/Latest/FreeBSD-12.1-BETA3-i386.vmdk.xz 20191004210555.GM4030@FreeBSD.org
vm 12.1-BETA3 arm64-aarch64 xxx xxx unspec qcow2 FreeBSD-12.1-BETA3-arm64-aarch64.qcow2.xz https://download.freebsd.org/ftp/releases/VM-IMAGES/12.1-BETA3/aarch64/Latest/FreeBSD-12.1-BETA3-arm64-aarch64.qcow2.xz 20191004210555.GM4030@FreeBSD.org
vm 12.1-BETA3 arm64-aarch64 xxx xxx unspec raw FreeBSD-12.1-BETA3-arm64-aarch64.raw.xz https://download.freebsd.org/ftp/releases/VM-IMAGES/12.1-BETA3/aarch64/Latest/FreeBSD-12.1-BETA3-arm64-aarch64.raw.xz 20191004210555.GM4030@FreeBSD.org
vm 12.1-BETA3 arm64-aarch64 xxx xxx unspec vhd FreeBSD-12.1-BETA3-arm64-aarch64.vhd.xz https://download.freebsd.org/ftp/releases/VM-IMAGES/12.1-BETA3/aarch64/Latest/FreeBSD-12.1-BETA3-arm64-aarch64.vhd.xz 20191004210555.GM4030@FreeBSD.org
vm 12.1-BETA3 arm64-aarch64 xxx xxx unspec vmdk FreeBSD-12.1-BETA3-arm64-aarch64.vmdk.xz https://download.freebsd.org/ftp/releases/VM-IMAGES/12.1-BETA3/aarch64/Latest/FreeBSD-12.1-BETA3-arm64-aarch64.vmdk.xz 20191004210555.GM4030@FreeBSD.org
